d:\study\sem 3\edi\visualizing demo\visualizing\visualizing\export\debug\exportstacktrace.pch
d:\study\sem 3\edi\visualizing demo\visualizing\visualizing\export\debug\vc143.pdb
d:\study\sem 3\edi\visualizing demo\visualizing\visualizing\export\debug\vc143.idb
d:\study\sem 3\edi\visualizing demo\visualizing\visualizing\export\debug\pch.obj
d:\study\sem 3\edi\visualizing demo\visualizing\visualizing\export\debug\stacktrace.obj
d:\study\sem 3\edi\visualizing demo\visualizing\visualizing\export\debug\stackframe.obj
d:\study\sem 3\edi\visualizing demo\visualizing\visualizing\export\debug\functionobject.obj
d:\study\sem 3\edi\visualizing demo\visualizing\visualizing\export\debug\export.obj
d:\study\sem 3\edi\visualizing demo\visualizing\visualizing\export\debug\dllmain.obj
d:\study\sem 3\edi\visualizing demo\visualizing\visualizing\export\debug\exportstacktrace.ilk
d:\study\sem 3\edi\visualizing demo\visualizing\visualizing\export\debug\exportstacktrace.dll
d:\study\sem 3\edi\visualizing demo\visualizing\visualizing\export\debug\exportstacktrace.pdb
d:\study\sem 3\edi\visualizing demo\visualizing\visualizing\export\debug\exportstacktrace.lib
d:\study\sem 3\edi\visualizing demo\visualizing\visualizing\export\debug\exportstacktrace.exp
d:\study\sem 3\edi\visualizing demo\visualizing\visualizing\export\debug\exportstacktrace.tlog\cl.command.1.tlog
d:\study\sem 3\edi\visualizing demo\visualizing\visualizing\export\debug\exportstacktrace.tlog\cl.items.tlog
d:\study\sem 3\edi\visualizing demo\visualizing\visualizing\export\debug\exportstacktrace.tlog\cl.read.1.tlog
d:\study\sem 3\edi\visualizing demo\visualizing\visualizing\export\debug\exportstacktrace.tlog\cl.write.1.tlog
d:\study\sem 3\edi\visualizing demo\visualizing\visualizing\export\debug\exportstacktrace.tlog\link.command.1.tlog
d:\study\sem 3\edi\visualizing demo\visualizing\visualizing\export\debug\exportstacktrace.tlog\link.read.1.tlog
d:\study\sem 3\edi\visualizing demo\visualizing\visualizing\export\debug\exportstacktrace.tlog\link.write.1.tlog
d:\study\sem 3\edi\visualizing demo\visualizing\visualizing\export\debug\exportstacktrace.tlog\link.write.2u.tlog
